<?xml version="1.0" encoding="UTF-8"?>
<testsuite xmlns:xsi="http://www.w3.org/2001/XMLSchema-instance" xsi:noNamespaceSchemaLocation="https://maven.apache.org/surefire/maven-surefire-plugin/xsd/surefire-test-report.xsd" name="com.example.mq.redis.RedisMessageTest" time="16.235" tests="4" errors="0" skipped="0" failures="1">
  <properties>
    <property name="java.specification.version" value="22"/>
    <property name="sun.cpu.isalist" value="amd64"/>
    <property name="sun.jnu.encoding" value="GBK"/>
    <property name="java.class.path" value="G:\spring-ai-all\common-mq-sdk\target\test-classes;G:\spring-ai-all\common-mq-sdk\target\classes;D:\software\maven\repos\org\springframework\boot\spring-boot-starter\2.3.12.RELEASE\spring-boot-starter-2.3.12.RELEASE.jar;D:\software\maven\repos\org\springframework\boot\spring-boot\2.3.12.RELEASE\spring-boot-2.3.12.RELEASE.jar;D:\software\maven\repos\org\springframework\spring-context\5.2.15.RELEASE\spring-context-5.2.15.RELEASE.jar;D:\software\maven\repos\org\springframework\boot\spring-boot-autoconfigure\2.3.12.RELEASE\spring-boot-autoconfigure-2.3.12.RELEASE.jar;D:\software\maven\repos\org\springframework\boot\spring-boot-starter-logging\2.3.12.RELEASE\spring-boot-starter-logging-2.3.12.RELEASE.jar;D:\software\maven\repos\ch\qos\logback\logback-classic\1.2.3\logback-classic-1.2.3.jar;D:\software\maven\repos\ch\qos\logback\logback-core\1.2.3\logback-core-1.2.3.jar;D:\software\maven\repos\org\apache\logging\log4j\log4j-to-slf4j\2.13.3\log4j-to-slf4j-2.13.3.jar;D:\software\maven\repos\org\apache\logging\log4j\log4j-api\2.13.3\log4j-api-2.13.3.jar;D:\software\maven\repos\org\slf4j\jul-to-slf4j\1.7.30\jul-to-slf4j-1.7.30.jar;D:\software\maven\repos\jakarta\annotation\jakarta.annotation-api\1.3.5\jakarta.annotation-api-1.3.5.jar;D:\software\maven\repos\org\springframework\spring-core\5.2.15.RELEASE\spring-core-5.2.15.RELEASE.jar;D:\software\maven\repos\org\springframework\spring-jcl\5.2.15.RELEASE\spring-jcl-5.2.15.RELEASE.jar;D:\software\maven\repos\org\yaml\snakeyaml\1.26\snakeyaml-1.26.jar;D:\software\maven\repos\org\springframework\boot\spring-boot-configuration-processor\2.3.12.RELEASE\spring-boot-configuration-processor-2.3.12.RELEASE.jar;D:\software\maven\repos\org\springframework\boot\spring-boot-starter-data-redis\2.3.12.RELEASE\spring-boot-starter-data-redis-2.3.12.RELEASE.jar;D:\software\maven\repos\org\springframework\data\spring-data-redis\2.3.9.RELEASE\spring-data-redis-2.3.9.RELEASE.jar;D:\software\maven\repos\org\springframework\data\spring-data-keyvalue\2.3.9.RELEASE\spring-data-keyvalue-2.3.9.RELEASE.jar;D:\software\maven\repos\org\springframework\data\spring-data-commons\2.3.9.RELEASE\spring-data-commons-2.3.9.RELEASE.jar;D:\software\maven\repos\org\springframework\spring-tx\5.2.14.RELEASE\spring-tx-5.2.14.RELEASE.jar;D:\software\maven\repos\org\springframework\spring-oxm\5.2.14.RELEASE\spring-oxm-5.2.14.RELEASE.jar;D:\software\maven\repos\org\springframework\spring-aop\5.2.14.RELEASE\spring-aop-5.2.14.RELEASE.jar;D:\software\maven\repos\org\springframework\spring-context-support\5.2.14.RELEASE\spring-context-support-5.2.14.RELEASE.jar;D:\software\maven\repos\io\lettuce\lettuce-core\5.3.7.RELEASE\lettuce-core-5.3.7.RELEASE.jar;D:\software\maven\repos\io\netty\netty-common\4.1.63.Final\netty-common-4.1.63.Final.jar;D:\software\maven\repos\io\netty\netty-handler\4.1.63.Final\netty-handler-4.1.63.Final.jar;D:\software\maven\repos\io\netty\netty-resolver\4.1.63.Final\netty-resolver-4.1.63.Final.jar;D:\software\maven\repos\io\netty\netty-buffer\4.1.63.Final\netty-buffer-4.1.63.Final.jar;D:\software\maven\repos\io\netty\netty-codec\4.1.63.Final\netty-codec-4.1.63.Final.jar;D:\software\maven\repos\io\netty\netty-transport\4.1.63.Final\netty-transport-4.1.63.Final.jar;D:\software\maven\repos\io\projectreactor\reactor-core\3.3.16.RELEASE\reactor-core-3.3.16.RELEASE.jar;D:\software\maven\repos\org\reactivestreams\reactive-streams\1.0.3\reactive-streams-1.0.3.jar;D:\software\maven\repos\org\apache\commons\commons-pool2\2.9.0\commons-pool2-2.9.0.jar;D:\software\maven\repos\org\projectlombok\lombok\1.18.30\lombok-1.18.30.jar;D:\software\maven\repos\com\alibaba\fastjson\1.2.83\fastjson-1.2.83.jar;D:\software\maven\repos\org\apache\rocketmq\rocketmq-client\4.9.4\rocketmq-client-4.9.4.jar;D:\software\maven\repos\org\apache\rocketmq\rocketmq-common\4.9.4\rocketmq-common-4.9.4.jar;D:\software\maven\repos\org\apache\rocketmq\rocketmq-remoting\4.9.4\rocketmq-remoting-4.9.4.jar;D:\software\maven\repos\io\netty\netty-all\4.1.65.Final\netty-all-4.1.65.Final.jar;D:\software\maven\repos\org\apache\rocketmq\rocketmq-logging\4.9.4\rocketmq-logging-4.9.4.jar;D:\software\maven\repos\commons-validator\commons-validator\1.7\commons-validator-1.7.jar;D:\software\maven\repos\commons-beanutils\commons-beanutils\1.9.4\commons-beanutils-1.9.4.jar;D:\software\maven\repos\commons-digester\commons-digester\2.1\commons-digester-2.1.jar;D:\software\maven\repos\commons-logging\commons-logging\1.2\commons-logging-1.2.jar;D:\software\maven\repos\commons-collections\commons-collections\3.2.2\commons-collections-3.2.2.jar;D:\software\maven\repos\org\apache\commons\commons-lang3\3.4\commons-lang3-3.4.jar;D:\software\maven\repos\org\apache\kafka\kafka-clients\2.8.1\kafka-clients-2.8.1.jar;D:\software\maven\repos\com\github\luben\zstd-jni\1.4.9-1\zstd-jni-1.4.9-1.jar;D:\software\maven\repos\org\lz4\lz4-java\1.7.1\lz4-java-1.7.1.jar;D:\software\maven\repos\org\xerial\snappy\snappy-java\1.1.8.1\snappy-java-1.1.8.1.jar;D:\software\maven\repos\org\slf4j\slf4j-api\1.7.30\slf4j-api-1.7.30.jar;D:\software\maven\repos\org\springframework\boot\spring-boot-starter-amqp\2.3.12.RELEASE\spring-boot-starter-amqp-2.3.12.RELEASE.jar;D:\software\maven\repos\org\springframework\spring-messaging\5.2.15.RELEASE\spring-messaging-5.2.15.RELEASE.jar;D:\software\maven\repos\org\springframework\spring-beans\5.2.15.RELEASE\spring-beans-5.2.15.RELEASE.jar;D:\software\maven\repos\org\springframework\amqp\spring-rabbit\2.2.18.RELEASE\spring-rabbit-2.2.18.RELEASE.jar;D:\software\maven\repos\com\rabbitmq\amqp-client\5.7.3\amqp-client-5.7.3.jar;D:\software\maven\repos\org\springframework\amqp\spring-amqp\2.2.18.RELEASE\spring-amqp-2.2.18.RELEASE.jar;D:\software\maven\repos\org\springframework\boot\spring-boot-starter-activemq\2.3.12.RELEASE\spring-boot-starter-activemq-2.3.12.RELEASE.jar;D:\software\maven\repos\org\springframework\spring-jms\5.2.15.RELEASE\spring-jms-5.2.15.RELEASE.jar;D:\software\maven\repos\org\apache\activemq\activemq-broker\5.15.15\activemq-broker-5.15.15.jar;D:\software\maven\repos\org\apache\activemq\activemq-client\5.15.15\activemq-client-5.15.15.jar;D:\software\maven\repos\org\fusesource\hawtbuf\hawtbuf\1.11\hawtbuf-1.11.jar;D:\software\maven\repos\org\apache\geronimo\specs\geronimo-j2ee-management_1.1_spec\1.0.1\geronimo-j2ee-management_1.1_spec-1.0.1.jar;D:\software\maven\repos\org\apache\activemq\activemq-openwire-legacy\5.15.15\activemq-openwire-legacy-5.15.15.jar;D:\software\maven\repos\com\google\guava\guava\28.2-jre\guava-28.2-jre.jar;D:\software\maven\repos\com\google\guava\failureaccess\1.0.1\failureaccess-1.0.1.jar;D:\software\maven\repos\com\google\guava\listenablefuture\9999.0-empty-to-avoid-conflict-with-guava\listenablefuture-9999.0-empty-to-avoid-conflict-with-guava.jar;D:\software\maven\repos\com\google\code\findbugs\jsr305\3.0.2\jsr305-3.0.2.jar;D:\software\maven\repos\org\checkerframework\checker-qual\2.10.0\checker-qual-2.10.0.jar;D:\software\maven\repos\com\google\errorprone\error_prone_annotations\2.3.4\error_prone_annotations-2.3.4.jar;D:\software\maven\repos\com\google\j2objc\j2objc-annotations\1.3\j2objc-annotations-1.3.jar;D:\software\maven\repos\jakarta\jms\jakarta.jms-api\2.0.3\jakarta.jms-api-2.0.3.jar;D:\software\maven\repos\org\eclipse\paho\org.eclipse.paho.client.mqttv3\1.2.5\org.eclipse.paho.client.mqttv3-1.2.5.jar;D:\software\maven\repos\org\springframework\integration\spring-integration-mqtt\5.3.9.RELEASE\spring-integration-mqtt-5.3.9.RELEASE.jar;D:\software\maven\repos\org\springframework\integration\spring-integration-core\5.3.9.RELEASE\spring-integration-core-5.3.9.RELEASE.jar;D:\software\maven\repos\org\springframework\retry\spring-retry\1.2.5.RELEASE\spring-retry-1.2.5.RELEASE.jar;D:\software\maven\repos\org\springframework\boot\spring-boot-starter-web\2.3.12.RELEASE\spring-boot-starter-web-2.3.12.RELEASE.jar;D:\software\maven\repos\org\springframework\boot\spring-boot-starter-json\2.3.12.RELEASE\spring-boot-starter-json-2.3.12.RELEASE.jar;D:\software\maven\repos\com\fasterxml\jackson\datatype\jackson-datatype-jdk8\2.11.4\jackson-datatype-jdk8-2.11.4.jar;D:\software\maven\repos\com\fasterxml\jackson\module\jackson-module-parameter-names\2.11.4\jackson-module-parameter-names-2.11.4.jar;D:\software\maven\repos\org\springframework\boot\spring-boot-starter-tomcat\2.3.12.RELEASE\spring-boot-starter-tomcat-2.3.12.RELEASE.jar;D:\software\maven\repos\org\apache\tomcat\embed\tomcat-embed-core\9.0.46\tomcat-embed-core-9.0.46.jar;D:\software\maven\repos\org\glassfish\jakarta.el\3.0.3\jakarta.el-3.0.3.jar;D:\software\maven\repos\org\apache\tomcat\embed\tomcat-embed-websocket\9.0.46\tomcat-embed-websocket-9.0.46.jar;D:\software\maven\repos\org\springframework\spring-web\5.2.15.RELEASE\spring-web-5.2.15.RELEASE.jar;D:\software\maven\repos\org\springframework\spring-webmvc\5.2.15.RELEASE\spring-webmvc-5.2.15.RELEASE.jar;D:\software\maven\repos\org\springframework\spring-expression\5.2.15.RELEASE\spring-expression-5.2.15.RELEASE.jar;D:\software\maven\repos\org\springframework\boot\spring-boot-starter-test\2.3.12.RELEASE\spring-boot-starter-test-2.3.12.RELEASE.jar;D:\software\maven\repos\org\springframework\boot\spring-boot-test\2.3.12.RELEASE\spring-boot-test-2.3.12.RELEASE.jar;D:\software\maven\repos\org\springframework\boot\spring-boot-test-autoconfigure\2.3.12.RELEASE\spring-boot-test-autoconfigure-2.3.12.RELEASE.jar;D:\software\maven\repos\com\jayway\jsonpath\json-path\2.4.0\json-path-2.4.0.jar;D:\software\maven\repos\net\minidev\json-smart\2.3\json-smart-2.3.jar;D:\software\maven\repos\net\minidev\accessors-smart\1.2\accessors-smart-1.2.jar;D:\software\maven\repos\org\ow2\asm\asm\5.0.4\asm-5.0.4.jar;D:\software\maven\repos\jakarta\xml\bind\jakarta.xml.bind-api\2.3.3\jakarta.xml.bind-api-2.3.3.jar;D:\software\maven\repos\jakarta\activation\jakarta.activation-api\1.2.2\jakarta.activation-api-1.2.2.jar;D:\software\maven\repos\org\assertj\assertj-core\3.16.1\assertj-core-3.16.1.jar;D:\software\maven\repos\org\hamcrest\hamcrest\2.2\hamcrest-2.2.jar;D:\software\maven\repos\org\junit\jupiter\junit-jupiter\5.6.3\junit-jupiter-5.6.3.jar;D:\software\maven\repos\org\junit\jupiter\junit-jupiter-params\5.6.3\junit-jupiter-params-5.6.3.jar;D:\software\maven\repos\org\junit\vintage\junit-vintage-engine\5.6.3\junit-vintage-engine-5.6.3.jar;D:\software\maven\repos\org\mockito\mockito-core\3.3.3\mockito-core-3.3.3.jar;D:\software\maven\repos\net\bytebuddy\byte-buddy\1.10.5\byte-buddy-1.10.5.jar;D:\software\maven\repos\net\bytebuddy\byte-buddy-agent\1.10.5\byte-buddy-agent-1.10.5.jar;D:\software\maven\repos\org\objenesis\objenesis\2.6\objenesis-2.6.jar;D:\software\maven\repos\org\mockito\mockito-junit-jupiter\3.3.3\mockito-junit-jupiter-3.3.3.jar;D:\software\maven\repos\org\skyscreamer\jsonassert\1.5.0\jsonassert-1.5.0.jar;D:\software\maven\repos\com\vaadin\external\google\android-json\0.0.20131108.vaadin1\android-json-0.0.20131108.vaadin1.jar;D:\software\maven\repos\org\springframework\spring-test\5.2.15.RELEASE\spring-test-5.2.15.RELEASE.jar;D:\software\maven\repos\org\xmlunit\xmlunit-core\2.7.0\xmlunit-core-2.7.0.jar;D:\software\maven\repos\org\junit\jupiter\junit-jupiter-api\5.7.2\junit-jupiter-api-5.7.2.jar;D:\software\maven\repos\org\apiguardian\apiguardian-api\1.1.0\apiguardian-api-1.1.0.jar;D:\software\maven\repos\org\opentest4j\opentest4j\1.2.0\opentest4j-1.2.0.jar;D:\software\maven\repos\org\junit\platform\junit-platform-commons\1.7.2\junit-platform-commons-1.7.2.jar;D:\software\maven\repos\org\junit\jupiter\junit-jupiter-engine\5.7.2\junit-jupiter-engine-5.7.2.jar;D:\software\maven\repos\org\junit\platform\junit-platform-engine\1.7.2\junit-platform-engine-1.7.2.jar;D:\software\maven\repos\org\testcontainers\testcontainers\1.19.3\testcontainers-1.19.3.jar;D:\software\maven\repos\junit\junit\4.13.2\junit-4.13.2.jar;D:\software\maven\repos\org\hamcrest\hamcrest-core\1.3\hamcrest-core-1.3.jar;D:\software\maven\repos\org\apache\commons\commons-compress\1.24.0\commons-compress-1.24.0.jar;D:\software\maven\repos\org\rnorth\duct-tape\duct-tape\1.0.8\duct-tape-1.0.8.jar;D:\software\maven\repos\org\jetbrains\annotations\17.0.0\annotations-17.0.0.jar;D:\software\maven\repos\com\github\docker-java\docker-java-api\3.3.4\docker-java-api-3.3.4.jar;D:\software\maven\repos\com\github\docker-java\docker-java-transport-zerodep\3.3.4\docker-java-transport-zerodep-3.3.4.jar;D:\software\maven\repos\com\github\docker-java\docker-java-transport\3.3.4\docker-java-transport-3.3.4.jar;D:\software\maven\repos\net\java\dev\jna\jna\5.13.0\jna-5.13.0.jar;D:\software\maven\repos\org\testcontainers\junit-jupiter\1.19.3\junit-jupiter-1.19.3.jar;D:\software\maven\repos\com\fasterxml\jackson\datatype\jackson-datatype-jsr310\2.11.4\jackson-datatype-jsr310-2.11.4.jar;D:\software\maven\repos\com\fasterxml\jackson\core\jackson-annotations\2.11.4\jackson-annotations-2.11.4.jar;D:\software\maven\repos\com\fasterxml\jackson\core\jackson-core\2.11.4\jackson-core-2.11.4.jar;D:\software\maven\repos\com\fasterxml\jackson\core\jackson-databind\2.11.4\jackson-databind-2.11.4.jar;"/>
    <property name="java.vm.vendor" value="Oracle Corporation"/>
    <property name="sun.arch.data.model" value="64"/>
    <property name="user.variant" value=""/>
    <property name="java.vendor.url" value="https://java.oracle.com/"/>
    <property name="user.timezone" value="Asia/Shanghai"/>
    <property name="os.name" value="Windows 10"/>
    <property name="java.vm.specification.version" value="22"/>
    <property name="sun.java.launcher" value="SUN_STANDARD"/>
    <property name="user.country" value="CN"/>
    <property name="sun.boot.library.path" value="D:\Program Files\Java\jdk-22\bin"/>
    <property name="sun.java.command" value="C:\Users\LEI~1.LON\AppData\Local\Temp\surefire4642702866322208160\surefirebooter1950019412945531273.jar C:\Users\lei.long\AppData\Local\Temp\surefire4642702866322208160 2025-07-09T11-23-44_279-jvmRun1 surefire10635151192291362079tmp surefire_013561941989765754209tmp"/>
    <property name="jdk.debug" value="release"/>
    <property name="test" value="RedisMessageTest"/>
    <property name="surefire.test.class.path" value="G:\spring-ai-all\common-mq-sdk\target\test-classes;G:\spring-ai-all\common-mq-sdk\target\classes;D:\software\maven\repos\org\springframework\boot\spring-boot-starter\2.3.12.RELEASE\spring-boot-starter-2.3.12.RELEASE.jar;D:\software\maven\repos\org\springframework\boot\spring-boot\2.3.12.RELEASE\spring-boot-2.3.12.RELEASE.jar;D:\software\maven\repos\org\springframework\spring-context\5.2.15.RELEASE\spring-context-5.2.15.RELEASE.jar;D:\software\maven\repos\org\springframework\boot\spring-boot-autoconfigure\2.3.12.RELEASE\spring-boot-autoconfigure-2.3.12.RELEASE.jar;D:\software\maven\repos\org\springframework\boot\spring-boot-starter-logging\2.3.12.RELEASE\spring-boot-starter-logging-2.3.12.RELEASE.jar;D:\software\maven\repos\ch\qos\logback\logback-classic\1.2.3\logback-classic-1.2.3.jar;D:\software\maven\repos\ch\qos\logback\logback-core\1.2.3\logback-core-1.2.3.jar;D:\software\maven\repos\org\apache\logging\log4j\log4j-to-slf4j\2.13.3\log4j-to-slf4j-2.13.3.jar;D:\software\maven\repos\org\apache\logging\log4j\log4j-api\2.13.3\log4j-api-2.13.3.jar;D:\software\maven\repos\org\slf4j\jul-to-slf4j\1.7.30\jul-to-slf4j-1.7.30.jar;D:\software\maven\repos\jakarta\annotation\jakarta.annotation-api\1.3.5\jakarta.annotation-api-1.3.5.jar;D:\software\maven\repos\org\springframework\spring-core\5.2.15.RELEASE\spring-core-5.2.15.RELEASE.jar;D:\software\maven\repos\org\springframework\spring-jcl\5.2.15.RELEASE\spring-jcl-5.2.15.RELEASE.jar;D:\software\maven\repos\org\yaml\snakeyaml\1.26\snakeyaml-1.26.jar;D:\software\maven\repos\org\springframework\boot\spring-boot-configuration-processor\2.3.12.RELEASE\spring-boot-configuration-processor-2.3.12.RELEASE.jar;D:\software\maven\repos\org\springframework\boot\spring-boot-starter-data-redis\2.3.12.RELEASE\spring-boot-starter-data-redis-2.3.12.RELEASE.jar;D:\software\maven\repos\org\springframework\data\spring-data-redis\2.3.9.RELEASE\spring-data-redis-2.3.9.RELEASE.jar;D:\software\maven\repos\org\springframework\data\spring-data-keyvalue\2.3.9.RELEASE\spring-data-keyvalue-2.3.9.RELEASE.jar;D:\software\maven\repos\org\springframework\data\spring-data-commons\2.3.9.RELEASE\spring-data-commons-2.3.9.RELEASE.jar;D:\software\maven\repos\org\springframework\spring-tx\5.2.14.RELEASE\spring-tx-5.2.14.RELEASE.jar;D:\software\maven\repos\org\springframework\spring-oxm\5.2.14.RELEASE\spring-oxm-5.2.14.RELEASE.jar;D:\software\maven\repos\org\springframework\spring-aop\5.2.14.RELEASE\spring-aop-5.2.14.RELEASE.jar;D:\software\maven\repos\org\springframework\spring-context-support\5.2.14.RELEASE\spring-context-support-5.2.14.RELEASE.jar;D:\software\maven\repos\io\lettuce\lettuce-core\5.3.7.RELEASE\lettuce-core-5.3.7.RELEASE.jar;D:\software\maven\repos\io\netty\netty-common\4.1.63.Final\netty-common-4.1.63.Final.jar;D:\software\maven\repos\io\netty\netty-handler\4.1.63.Final\netty-handler-4.1.63.Final.jar;D:\software\maven\repos\io\netty\netty-resolver\4.1.63.Final\netty-resolver-4.1.63.Final.jar;D:\software\maven\repos\io\netty\netty-buffer\4.1.63.Final\netty-buffer-4.1.63.Final.jar;D:\software\maven\repos\io\netty\netty-codec\4.1.63.Final\netty-codec-4.1.63.Final.jar;D:\software\maven\repos\io\netty\netty-transport\4.1.63.Final\netty-transport-4.1.63.Final.jar;D:\software\maven\repos\io\projectreactor\reactor-core\3.3.16.RELEASE\reactor-core-3.3.16.RELEASE.jar;D:\software\maven\repos\org\reactivestreams\reactive-streams\1.0.3\reactive-streams-1.0.3.jar;D:\software\maven\repos\org\apache\commons\commons-pool2\2.9.0\commons-pool2-2.9.0.jar;D:\software\maven\repos\org\projectlombok\lombok\1.18.30\lombok-1.18.30.jar;D:\software\maven\repos\com\alibaba\fastjson\1.2.83\fastjson-1.2.83.jar;D:\software\maven\repos\org\apache\rocketmq\rocketmq-client\4.9.4\rocketmq-client-4.9.4.jar;D:\software\maven\repos\org\apache\rocketmq\rocketmq-common\4.9.4\rocketmq-common-4.9.4.jar;D:\software\maven\repos\org\apache\rocketmq\rocketmq-remoting\4.9.4\rocketmq-remoting-4.9.4.jar;D:\software\maven\repos\io\netty\netty-all\4.1.65.Final\netty-all-4.1.65.Final.jar;D:\software\maven\repos\org\apache\rocketmq\rocketmq-logging\4.9.4\rocketmq-logging-4.9.4.jar;D:\software\maven\repos\commons-validator\commons-validator\1.7\commons-validator-1.7.jar;D:\software\maven\repos\commons-beanutils\commons-beanutils\1.9.4\commons-beanutils-1.9.4.jar;D:\software\maven\repos\commons-digester\commons-digester\2.1\commons-digester-2.1.jar;D:\software\maven\repos\commons-logging\commons-logging\1.2\commons-logging-1.2.jar;D:\software\maven\repos\commons-collections\commons-collections\3.2.2\commons-collections-3.2.2.jar;D:\software\maven\repos\org\apache\commons\commons-lang3\3.4\commons-lang3-3.4.jar;D:\software\maven\repos\org\apache\kafka\kafka-clients\2.8.1\kafka-clients-2.8.1.jar;D:\software\maven\repos\com\github\luben\zstd-jni\1.4.9-1\zstd-jni-1.4.9-1.jar;D:\software\maven\repos\org\lz4\lz4-java\1.7.1\lz4-java-1.7.1.jar;D:\software\maven\repos\org\xerial\snappy\snappy-java\1.1.8.1\snappy-java-1.1.8.1.jar;D:\software\maven\repos\org\slf4j\slf4j-api\1.7.30\slf4j-api-1.7.30.jar;D:\software\maven\repos\org\springframework\boot\spring-boot-starter-amqp\2.3.12.RELEASE\spring-boot-starter-amqp-2.3.12.RELEASE.jar;D:\software\maven\repos\org\springframework\spring-messaging\5.2.15.RELEASE\spring-messaging-5.2.15.RELEASE.jar;D:\software\maven\repos\org\springframework\spring-beans\5.2.15.RELEASE\spring-beans-5.2.15.RELEASE.jar;D:\software\maven\repos\org\springframework\amqp\spring-rabbit\2.2.18.RELEASE\spring-rabbit-2.2.18.RELEASE.jar;D:\software\maven\repos\com\rabbitmq\amqp-client\5.7.3\amqp-client-5.7.3.jar;D:\software\maven\repos\org\springframework\amqp\spring-amqp\2.2.18.RELEASE\spring-amqp-2.2.18.RELEASE.jar;D:\software\maven\repos\org\springframework\boot\spring-boot-starter-activemq\2.3.12.RELEASE\spring-boot-starter-activemq-2.3.12.RELEASE.jar;D:\software\maven\repos\org\springframework\spring-jms\5.2.15.RELEASE\spring-jms-5.2.15.RELEASE.jar;D:\software\maven\repos\org\apache\activemq\activemq-broker\5.15.15\activemq-broker-5.15.15.jar;D:\software\maven\repos\org\apache\activemq\activemq-client\5.15.15\activemq-client-5.15.15.jar;D:\software\maven\repos\org\fusesource\hawtbuf\hawtbuf\1.11\hawtbuf-1.11.jar;D:\software\maven\repos\org\apache\geronimo\specs\geronimo-j2ee-management_1.1_spec\1.0.1\geronimo-j2ee-management_1.1_spec-1.0.1.jar;D:\software\maven\repos\org\apache\activemq\activemq-openwire-legacy\5.15.15\activemq-openwire-legacy-5.15.15.jar;D:\software\maven\repos\com\google\guava\guava\28.2-jre\guava-28.2-jre.jar;D:\software\maven\repos\com\google\guava\failureaccess\1.0.1\failureaccess-1.0.1.jar;D:\software\maven\repos\com\google\guava\listenablefuture\9999.0-empty-to-avoid-conflict-with-guava\listenablefuture-9999.0-empty-to-avoid-conflict-with-guava.jar;D:\software\maven\repos\com\google\code\findbugs\jsr305\3.0.2\jsr305-3.0.2.jar;D:\software\maven\repos\org\checkerframework\checker-qual\2.10.0\checker-qual-2.10.0.jar;D:\software\maven\repos\com\google\errorprone\error_prone_annotations\2.3.4\error_prone_annotations-2.3.4.jar;D:\software\maven\repos\com\google\j2objc\j2objc-annotations\1.3\j2objc-annotations-1.3.jar;D:\software\maven\repos\jakarta\jms\jakarta.jms-api\2.0.3\jakarta.jms-api-2.0.3.jar;D:\software\maven\repos\org\eclipse\paho\org.eclipse.paho.client.mqttv3\1.2.5\org.eclipse.paho.client.mqttv3-1.2.5.jar;D:\software\maven\repos\org\springframework\integration\spring-integration-mqtt\5.3.9.RELEASE\spring-integration-mqtt-5.3.9.RELEASE.jar;D:\software\maven\repos\org\springframework\integration\spring-integration-core\5.3.9.RELEASE\spring-integration-core-5.3.9.RELEASE.jar;D:\software\maven\repos\org\springframework\retry\spring-retry\1.2.5.RELEASE\spring-retry-1.2.5.RELEASE.jar;D:\software\maven\repos\org\springframework\boot\spring-boot-starter-web\2.3.12.RELEASE\spring-boot-starter-web-2.3.12.RELEASE.jar;D:\software\maven\repos\org\springframework\boot\spring-boot-starter-json\2.3.12.RELEASE\spring-boot-starter-json-2.3.12.RELEASE.jar;D:\software\maven\repos\com\fasterxml\jackson\datatype\jackson-datatype-jdk8\2.11.4\jackson-datatype-jdk8-2.11.4.jar;D:\software\maven\repos\com\fasterxml\jackson\module\jackson-module-parameter-names\2.11.4\jackson-module-parameter-names-2.11.4.jar;D:\software\maven\repos\org\springframework\boot\spring-boot-starter-tomcat\2.3.12.RELEASE\spring-boot-starter-tomcat-2.3.12.RELEASE.jar;D:\software\maven\repos\org\apache\tomcat\embed\tomcat-embed-core\9.0.46\tomcat-embed-core-9.0.46.jar;D:\software\maven\repos\org\glassfish\jakarta.el\3.0.3\jakarta.el-3.0.3.jar;D:\software\maven\repos\org\apache\tomcat\embed\tomcat-embed-websocket\9.0.46\tomcat-embed-websocket-9.0.46.jar;D:\software\maven\repos\org\springframework\spring-web\5.2.15.RELEASE\spring-web-5.2.15.RELEASE.jar;D:\software\maven\repos\org\springframework\spring-webmvc\5.2.15.RELEASE\spring-webmvc-5.2.15.RELEASE.jar;D:\software\maven\repos\org\springframework\spring-expression\5.2.15.RELEASE\spring-expression-5.2.15.RELEASE.jar;D:\software\maven\repos\org\springframework\boot\spring-boot-starter-test\2.3.12.RELEASE\spring-boot-starter-test-2.3.12.RELEASE.jar;D:\software\maven\repos\org\springframework\boot\spring-boot-test\2.3.12.RELEASE\spring-boot-test-2.3.12.RELEASE.jar;D:\software\maven\repos\org\springframework\boot\spring-boot-test-autoconfigure\2.3.12.RELEASE\spring-boot-test-autoconfigure-2.3.12.RELEASE.jar;D:\software\maven\repos\com\jayway\jsonpath\json-path\2.4.0\json-path-2.4.0.jar;D:\software\maven\repos\net\minidev\json-smart\2.3\json-smart-2.3.jar;D:\software\maven\repos\net\minidev\accessors-smart\1.2\accessors-smart-1.2.jar;D:\software\maven\repos\org\ow2\asm\asm\5.0.4\asm-5.0.4.jar;D:\software\maven\repos\jakarta\xml\bind\jakarta.xml.bind-api\2.3.3\jakarta.xml.bind-api-2.3.3.jar;D:\software\maven\repos\jakarta\activation\jakarta.activation-api\1.2.2\jakarta.activation-api-1.2.2.jar;D:\software\maven\repos\org\assertj\assertj-core\3.16.1\assertj-core-3.16.1.jar;D:\software\maven\repos\org\hamcrest\hamcrest\2.2\hamcrest-2.2.jar;D:\software\maven\repos\org\junit\jupiter\junit-jupiter\5.6.3\junit-jupiter-5.6.3.jar;D:\software\maven\repos\org\junit\jupiter\junit-jupiter-params\5.6.3\junit-jupiter-params-5.6.3.jar;D:\software\maven\repos\org\junit\vintage\junit-vintage-engine\5.6.3\junit-vintage-engine-5.6.3.jar;D:\software\maven\repos\org\mockito\mockito-core\3.3.3\mockito-core-3.3.3.jar;D:\software\maven\repos\net\bytebuddy\byte-buddy\1.10.5\byte-buddy-1.10.5.jar;D:\software\maven\repos\net\bytebuddy\byte-buddy-agent\1.10.5\byte-buddy-agent-1.10.5.jar;D:\software\maven\repos\org\objenesis\objenesis\2.6\objenesis-2.6.jar;D:\software\maven\repos\org\mockito\mockito-junit-jupiter\3.3.3\mockito-junit-jupiter-3.3.3.jar;D:\software\maven\repos\org\skyscreamer\jsonassert\1.5.0\jsonassert-1.5.0.jar;D:\software\maven\repos\com\vaadin\external\google\android-json\0.0.20131108.vaadin1\android-json-0.0.20131108.vaadin1.jar;D:\software\maven\repos\org\springframework\spring-test\5.2.15.RELEASE\spring-test-5.2.15.RELEASE.jar;D:\software\maven\repos\org\xmlunit\xmlunit-core\2.7.0\xmlunit-core-2.7.0.jar;D:\software\maven\repos\org\junit\jupiter\junit-jupiter-api\5.7.2\junit-jupiter-api-5.7.2.jar;D:\software\maven\repos\org\apiguardian\apiguardian-api\1.1.0\apiguardian-api-1.1.0.jar;D:\software\maven\repos\org\opentest4j\opentest4j\1.2.0\opentest4j-1.2.0.jar;D:\software\maven\repos\org\junit\platform\junit-platform-commons\1.7.2\junit-platform-commons-1.7.2.jar;D:\software\maven\repos\org\junit\jupiter\junit-jupiter-engine\5.7.2\junit-jupiter-engine-5.7.2.jar;D:\software\maven\repos\org\junit\platform\junit-platform-engine\1.7.2\junit-platform-engine-1.7.2.jar;D:\software\maven\repos\org\testcontainers\testcontainers\1.19.3\testcontainers-1.19.3.jar;D:\software\maven\repos\junit\junit\4.13.2\junit-4.13.2.jar;D:\software\maven\repos\org\hamcrest\hamcrest-core\1.3\hamcrest-core-1.3.jar;D:\software\maven\repos\org\apache\commons\commons-compress\1.24.0\commons-compress-1.24.0.jar;D:\software\maven\repos\org\rnorth\duct-tape\duct-tape\1.0.8\duct-tape-1.0.8.jar;D:\software\maven\repos\org\jetbrains\annotations\17.0.0\annotations-17.0.0.jar;D:\software\maven\repos\com\github\docker-java\docker-java-api\3.3.4\docker-java-api-3.3.4.jar;D:\software\maven\repos\com\github\docker-java\docker-java-transport-zerodep\3.3.4\docker-java-transport-zerodep-3.3.4.jar;D:\software\maven\repos\com\github\docker-java\docker-java-transport\3.3.4\docker-java-transport-3.3.4.jar;D:\software\maven\repos\net\java\dev\jna\jna\5.13.0\jna-5.13.0.jar;D:\software\maven\repos\org\testcontainers\junit-jupiter\1.19.3\junit-jupiter-1.19.3.jar;D:\software\maven\repos\com\fasterxml\jackson\datatype\jackson-datatype-jsr310\2.11.4\jackson-datatype-jsr310-2.11.4.jar;D:\software\maven\repos\com\fasterxml\jackson\core\jackson-annotations\2.11.4\jackson-annotations-2.11.4.jar;D:\software\maven\repos\com\fasterxml\jackson\core\jackson-core\2.11.4\jackson-core-2.11.4.jar;D:\software\maven\repos\com\fasterxml\jackson\core\jackson-databind\2.11.4\jackson-databind-2.11.4.jar;"/>
    <property name="sun.cpu.endian" value="little"/>
    <property name="user.home" value="C:\Users\lei.long"/>
    <property name="user.language" value="zh"/>
    <property name="java.specification.vendor" value="Oracle Corporation"/>
    <property name="java.version.date" value="2024-04-16"/>
    <property name="java.home" value="D:\Program Files\Java\jdk-22"/>
    <property name="spring.profiles.active" value="test"/>
    <property name="file.separator" value="\"/>
    <property name="basedir" value="G:\spring-ai-all\common-mq-sdk"/>
    <property name="java.vm.compressedOopsMode" value="Zero based"/>
    <property name="line.separator" value="&#10;"/>
    <property name="java.vm.specification.vendor" value="Oracle Corporation"/>
    <property name="java.specification.name" value="Java Platform API Specification"/>
    <property name="surefire.real.class.path" value="C:\Users\LEI~1.LON\AppData\Local\Temp\surefire4642702866322208160\surefirebooter1950019412945531273.jar"/>
    <property name="user.script" value=""/>
    <property name="sun.management.compiler" value="HotSpot 64-Bit Tiered Compilers"/>
    <property name="java.runtime.version" value="22.0.1+8-16"/>
    <property name="user.name" value="lei.long"/>
    <property name="stdout.encoding" value="GBK"/>
    <property name="path.separator" value=";"/>
    <property name="os.version" value="10.0"/>
    <property name="java.runtime.name" value="Java(TM) SE Runtime Environment"/>
    <property name="file.encoding" value="UTF-8"/>
    <property name="java.vm.name" value="Java HotSpot(TM) 64-Bit Server VM"/>
    <property name="localRepository" value="D:\software\maven\repos"/>
    <property name="java.vendor.url.bug" value="https://bugreport.java.com/bugreport/"/>
    <property name="java.io.tmpdir" value="C:\Users\LEI~1.LON\AppData\Local\Temp\"/>
    <property name="java.version" value="22.0.1"/>
    <property name="user.dir" value="G:\spring-ai-all\common-mq-sdk"/>
    <property name="os.arch" value="amd64"/>
    <property name="java.vm.specification.name" value="Java Virtual Machine Specification"/>
    <property name="sun.os.patch.level" value=""/>
    <property name="native.encoding" value="GBK"/>
    <property name="java.library.path" value="D:\Program Files\Java\jdk-22\bin;C:\Windows\Sun\Java\bin;C:\Windows\system32;C:\Windows;D:\\Program Files\\Java\\jdk-22\\bin;C:\\Users\\lei.long\\.trae\\tools\\maven\\latest\\bin;C:\\Users\\lei.long\\.trae\\tools\\gradle\\latest\\bin;D:\Program Files\Java\jdk-22\bin;C:\Users\lei.long\.trae\tools\maven\latest\bin;C:\Users\lei.long\.trae\tools\gradle\latest\bin;C:\Windows\system32;C:\Windows;C:\Windows\System32\Wbem;C:\Windows\System32\WindowsPowerShell\v1.0\;C:\Windows\System32\OpenSSH\;C:\Windows\SysWOW64\5097;C:\Windows\SysWOW64\5097;C:\Windows\SysWOW64;D:\develep_soft\java\Java\jdk1.8.0_191\bin;D:\Program Files\Git\cmd;D:\develep_soft\apache-maven-3.8.4\bin;C:\Program Files (x86)\PuTTY\;F:\Program Files\nodejs\;D:\develep_soft\mysql-9.3.0-winx64\bin;D:\software\rocketmq-all-5.3.3-bin-release\bin;C:\Users\lei.long\AppData\Local\Microsoft\WindowsApps;C:\Users\lei.long\AppData\Local\JetBrains\Toolbox\scripts;;C:\Users\lei.long\AppData\Local\Programs\Ollama;D:\Program Files\JetBrains\PyCharm 2024.3.1.1\bin;;C:\Users\lei.long\AppData\Roaming\npm;."/>
    <property name="java.vm.info" value="mixed mode, sharing"/>
    <property name="stderr.encoding" value="GBK"/>
    <property name="java.vendor" value="Oracle Corporation"/>
    <property name="java.vm.version" value="22.0.1+8-16"/>
    <property name="sun.io.unicode.encoding" value="UnicodeLittle"/>
    <property name="java.class.version" value="66.0"/>
  </properties>
  <testcase name="testSyncSend" classname="com.example.mq.redis.RedisMessageTest" time="0.778"/>
  <testcase name="testAsyncSend" classname="com.example.mq.redis.RedisMessageTest" time="1.016"/>
  <testcase name="testDelayMessage" classname="com.example.mq.redis.RedisMessageTest" time="3.028"/>
  <testcase name="testMessageOrder" classname="com.example.mq.redis.RedisMessageTest" time="5.018">
    <failure message="消息接收超时 ==&gt; expected: &lt;true&gt; but was: &lt;false&gt;" type="org.opentest4j.AssertionFailedError"><![CDATA[org.opentest4j.AssertionFailedError: 消息接收超时 ==> expected: <true> but was: <false>
	at com.example.mq.redis.RedisMessageTest.testMessageOrder(RedisMessageTest.java:129)
]]></failure>
    <system-out><![CDATA[2025-07-09 11:23:57.241  INFO 27876 --- [           main] c.e.mq.consumer.impl.RedisConsumer       : Redis消费者取消订阅成功 - channel: test_topic:test_tag
2025-07-09 11:23:57.241  INFO 27876 --- [           main] c.e.mq.consumer.impl.RedisConsumer       : Redis消费者订阅成功 - channel: test_topic:test_tag
2025-07-09 11:23:57.243  INFO 27876 --- [           main] c.e.mq.producer.impl.RedisProducer       : Redis消息发送成功 - channel: test_topic:test_tag, messageId: 2f893079-d467-4650-a4f4-97b148e3da03, message: {"message":"消息1","tag":"test_tag","topic":"test_topic"}
2025-07-09 11:23:57.244  INFO 27876 --- [           main] c.e.mq.producer.impl.RedisProducer       : Redis消息发送成功 - channel: test_topic:test_tag, messageId: dc475e44-4a50-4e98-b687-b4aae253a12b, message: {"message":"消息2","tag":"test_tag","topic":"test_topic"}
2025-07-09 11:23:57.246  INFO 27876 --- [           main] c.e.mq.producer.impl.RedisProducer       : Redis消息发送成功 - channel: test_topic:test_tag, messageId: 89aa5b2d-bfae-4ac1-94c5-33560e0a3777, message: {"message":"消息3","tag":"test_tag","topic":"test_topic"}
]]></system-out>
  </testcase>
</testsuite>